[2019-10-30 14:43:35,399] {taskinstance.py:630} INFO - Dependencies all met for <TaskInstance: kims_flow.news_collect_module 2019-10-30T05:23:03.301615+00:00 [queued]>
[2019-10-30 14:43:35,411] {taskinstance.py:630} INFO - Dependencies all met for <TaskInstance: kims_flow.news_collect_module 2019-10-30T05:23:03.301615+00:00 [queued]>
[2019-10-30 14:43:35,411] {taskinstance.py:841} INFO - 
--------------------------------------------------------------------------------
[2019-10-30 14:43:35,411] {taskinstance.py:842} INFO - Starting attempt 1 of 1
[2019-10-30 14:43:35,411] {taskinstance.py:843} INFO - 
--------------------------------------------------------------------------------
[2019-10-30 14:43:35,419] {taskinstance.py:862} INFO - Executing <Task(PythonOperator): news_collect_module> on 2019-10-30T05:23:03.301615+00:00
[2019-10-30 14:43:35,419] {base_task_runner.py:133} INFO - Running: ['airflow', 'run', 'kims_flow', 'news_collect_module', '2019-10-30T05:23:03.301615+00:00', '--job_id', '24', '--pool', 'default_pool', '--raw', '-sd', 'DAGS_FOLDER/kim_flow.py', '--cfg_path', '/var/folders/kl/hgsvczsx34q1wqd4l94kdxsh0000gn/T/tmpgpqugz8l']
[2019-10-30 14:43:36,946] {base_task_runner.py:115} INFO - Job 24: Subtask news_collect_module [2019-10-30 14:43:36,945] {__init__.py:51} INFO - Using executor SequentialExecutor
[2019-10-30 14:43:36,946] {base_task_runner.py:115} INFO - Job 24: Subtask news_collect_module [2019-10-30 14:43:36,946] {dagbag.py:92} INFO - Filling up the DagBag from /Users/hyuninsim/airflow/dags/kim_flow.py
[2019-10-30 14:43:40,218] {base_task_runner.py:115} INFO - Job 24: Subtask news_collect_module [2019-10-30 14:43:40,217] {cli.py:545} INFO - Running <TaskInstance: kims_flow.news_collect_module 2019-10-30T05:23:03.301615+00:00 [running]> on host ip-70-12-224-51.kscymo.spcsdns.net
[2019-10-30 14:43:40,229] {python_operator.py:105} INFO - Exporting the following env vars:
AIRFLOW_CTX_DAG_ID=kims_flow
AIRFLOW_CTX_TASK_ID=news_collect_module
AIRFLOW_CTX_EXECUTION_DATE=2019-10-30T05:23:03.301615+00:00
AIRFLOW_CTX_DAG_RUN_ID=manual__2019-10-30T05:23:03.301615+00:00
[2019-10-30 14:43:40,230] {logging_mixin.py:112} INFO - Collecting News..
[2019-10-30 14:43:40,396] {logging_mixin.py:112} INFO - [2019-10-30 14:43:40,396] {local_task_job.py:124} WARNING - Time since last heartbeat(0.01 s) < heartrate(5.0 s), sleeping for 4.993217 s
[2019-10-30 14:43:40,892] {taskinstance.py:1058} ERROR - [Errno 2] No such file or directory: './data/news_data/news_key_words_add.csv'
Traceback (most recent call last):
  File "/Users/hyuninsim/anaconda3/lib/python3.7/site-packages/airflow/models/taskinstance.py", line 930, in _run_raw_task
    result = task_copy.execute(context=context)
  File "/Users/hyuninsim/anaconda3/lib/python3.7/site-packages/airflow/operators/python_operator.py", line 113, in execute
    return_value = self.execute_callable()
  File "/Users/hyuninsim/anaconda3/lib/python3.7/site-packages/airflow/operators/python_operator.py", line 118, in execute_callable
    return self.python_callable(*self.op_args, **self.op_kwargs)
  File "/Users/hyuninsim/airflow/dags/kim_flow.py", line 23, in news_collect_module
    "./data/news_data/news_key_words_add.csv", encoding="utf-8", index=False
  File "/Users/hyuninsim/anaconda3/lib/python3.7/site-packages/pandas/core/generic.py", line 3020, in to_csv
    formatter.save()
  File "/Users/hyuninsim/anaconda3/lib/python3.7/site-packages/pandas/io/formats/csvs.py", line 157, in save
    compression=self.compression)
  File "/Users/hyuninsim/anaconda3/lib/python3.7/site-packages/pandas/io/common.py", line 424, in _get_handle
    f = open(path_or_buf, mode, encoding=encoding, newline="")
FileNotFoundError: [Errno 2] No such file or directory: './data/news_data/news_key_words_add.csv'
[2019-10-30 14:43:40,897] {taskinstance.py:1089} INFO - Marking task as FAILED.
[2019-10-30 14:43:40,915] {base_task_runner.py:115} INFO - Job 24: Subtask news_collect_module Traceback (most recent call last):
[2019-10-30 14:43:40,915] {base_task_runner.py:115} INFO - Job 24: Subtask news_collect_module   File "/Users/hyuninsim/anaconda3/bin/airflow", line 37, in <module>
[2019-10-30 14:43:40,915] {base_task_runner.py:115} INFO - Job 24: Subtask news_collect_module     args.func(args)
[2019-10-30 14:43:40,915] {base_task_runner.py:115} INFO - Job 24: Subtask news_collect_module   File "/Users/hyuninsim/anaconda3/lib/python3.7/site-packages/airflow/utils/cli.py", line 74, in wrapper
[2019-10-30 14:43:40,915] {base_task_runner.py:115} INFO - Job 24: Subtask news_collect_module     return f(*args, **kwargs)
[2019-10-30 14:43:40,915] {base_task_runner.py:115} INFO - Job 24: Subtask news_collect_module   File "/Users/hyuninsim/anaconda3/lib/python3.7/site-packages/airflow/bin/cli.py", line 551, in run
[2019-10-30 14:43:40,915] {base_task_runner.py:115} INFO - Job 24: Subtask news_collect_module     _run(args, dag, ti)
[2019-10-30 14:43:40,915] {base_task_runner.py:115} INFO - Job 24: Subtask news_collect_module   File "/Users/hyuninsim/anaconda3/lib/python3.7/site-packages/airflow/bin/cli.py", line 469, in _run
[2019-10-30 14:43:40,915] {base_task_runner.py:115} INFO - Job 24: Subtask news_collect_module     pool=args.pool,
[2019-10-30 14:43:40,916] {base_task_runner.py:115} INFO - Job 24: Subtask news_collect_module   File "/Users/hyuninsim/anaconda3/lib/python3.7/site-packages/airflow/utils/db.py", line 74, in wrapper
[2019-10-30 14:43:40,916] {base_task_runner.py:115} INFO - Job 24: Subtask news_collect_module     return func(*args, **kwargs)
[2019-10-30 14:43:40,916] {base_task_runner.py:115} INFO - Job 24: Subtask news_collect_module   File "/Users/hyuninsim/anaconda3/lib/python3.7/site-packages/airflow/models/taskinstance.py", line 930, in _run_raw_task
[2019-10-30 14:43:40,916] {base_task_runner.py:115} INFO - Job 24: Subtask news_collect_module     result = task_copy.execute(context=context)
[2019-10-30 14:43:40,916] {base_task_runner.py:115} INFO - Job 24: Subtask news_collect_module   File "/Users/hyuninsim/anaconda3/lib/python3.7/site-packages/airflow/operators/python_operator.py", line 113, in execute
[2019-10-30 14:43:40,916] {base_task_runner.py:115} INFO - Job 24: Subtask news_collect_module     return_value = self.execute_callable()
[2019-10-30 14:43:40,916] {base_task_runner.py:115} INFO - Job 24: Subtask news_collect_module   File "/Users/hyuninsim/anaconda3/lib/python3.7/site-packages/airflow/operators/python_operator.py", line 118, in execute_callable
[2019-10-30 14:43:40,916] {base_task_runner.py:115} INFO - Job 24: Subtask news_collect_module     return self.python_callable(*self.op_args, **self.op_kwargs)
[2019-10-30 14:43:40,916] {base_task_runner.py:115} INFO - Job 24: Subtask news_collect_module   File "/Users/hyuninsim/airflow/dags/kim_flow.py", line 23, in news_collect_module
[2019-10-30 14:43:40,916] {base_task_runner.py:115} INFO - Job 24: Subtask news_collect_module     "./data/news_data/news_key_words_add.csv", encoding="utf-8", index=False
[2019-10-30 14:43:40,916] {base_task_runner.py:115} INFO - Job 24: Subtask news_collect_module   File "/Users/hyuninsim/anaconda3/lib/python3.7/site-packages/pandas/core/generic.py", line 3020, in to_csv
[2019-10-30 14:43:40,916] {base_task_runner.py:115} INFO - Job 24: Subtask news_collect_module     formatter.save()
[2019-10-30 14:43:40,916] {base_task_runner.py:115} INFO - Job 24: Subtask news_collect_module   File "/Users/hyuninsim/anaconda3/lib/python3.7/site-packages/pandas/io/formats/csvs.py", line 157, in save
[2019-10-30 14:43:40,916] {base_task_runner.py:115} INFO - Job 24: Subtask news_collect_module     compression=self.compression)
[2019-10-30 14:43:40,916] {base_task_runner.py:115} INFO - Job 24: Subtask news_collect_module   File "/Users/hyuninsim/anaconda3/lib/python3.7/site-packages/pandas/io/common.py", line 424, in _get_handle
[2019-10-30 14:43:40,916] {base_task_runner.py:115} INFO - Job 24: Subtask news_collect_module     f = open(path_or_buf, mode, encoding=encoding, newline="")
[2019-10-30 14:43:40,917] {base_task_runner.py:115} INFO - Job 24: Subtask news_collect_module FileNotFoundError: [Errno 2] No such file or directory: './data/news_data/news_key_words_add.csv'
[2019-10-30 14:43:45,391] {logging_mixin.py:112} INFO - [2019-10-30 14:43:45,390] {local_task_job.py:103} INFO - Task exited with return code 1
