[2019-10-29 15:01:03,779] {taskinstance.py:630} INFO - Dependencies all met for <TaskInstance: first_python_op.task_2 2019-10-28T00:00:00+00:00 [queued]>
[2019-10-29 15:01:03,792] {taskinstance.py:630} INFO - Dependencies all met for <TaskInstance: first_python_op.task_2 2019-10-28T00:00:00+00:00 [queued]>
[2019-10-29 15:01:03,792] {taskinstance.py:841} INFO - 
--------------------------------------------------------------------------------
[2019-10-29 15:01:03,792] {taskinstance.py:842} INFO - Starting attempt 1 of 1
[2019-10-29 15:01:03,792] {taskinstance.py:843} INFO - 
--------------------------------------------------------------------------------
[2019-10-29 15:01:03,799] {taskinstance.py:862} INFO - Executing <Task(PythonOperator): task_2> on 2019-10-28T00:00:00+00:00
[2019-10-29 15:01:03,799] {base_task_runner.py:133} INFO - Running: ['airflow', 'run', 'first_python_op', 'task_2', '2019-10-28T00:00:00+00:00', '--job_id', '9', '--pool', 'default_pool', '--raw', '-sd', 'DAGS_FOLDER/first_python_op.py', '--cfg_path', '/var/folders/kl/hgsvczsx34q1wqd4l94kdxsh0000gn/T/tmp8mvkd38x']
[2019-10-29 15:01:05,642] {base_task_runner.py:115} INFO - Job 9: Subtask task_2 [2019-10-29 15:01:05,642] {__init__.py:51} INFO - Using executor SequentialExecutor
[2019-10-29 15:01:05,643] {base_task_runner.py:115} INFO - Job 9: Subtask task_2 [2019-10-29 15:01:05,642] {dagbag.py:92} INFO - Filling up the DagBag from /Users/hyuninsim/airflow/dags/first_python_op.py
[2019-10-29 15:01:05,661] {base_task_runner.py:115} INFO - Job 9: Subtask task_2 [2019-10-29 15:01:05,660] {cli.py:545} INFO - Running <TaskInstance: first_python_op.task_2 2019-10-28T00:00:00+00:00 [running]> on host ip-70-12-224-51.kscymo.spcsdns.net
[2019-10-29 15:01:05,674] {python_operator.py:105} INFO - Exporting the following env vars:
AIRFLOW_CTX_DAG_ID=first_python_op
AIRFLOW_CTX_TASK_ID=task_2
AIRFLOW_CTX_EXECUTION_DATE=2019-10-28T00:00:00+00:00
AIRFLOW_CTX_DAG_RUN_ID=scheduled__2019-10-28T00:00:00+00:00
[2019-10-29 15:01:05,674] {logging_mixin.py:112} INFO - ============================================================
[2019-10-29 15:01:05,674] {logging_mixin.py:112} INFO - fruit_name: banana
[2019-10-29 15:01:05,674] {logging_mixin.py:112} INFO - ============================================================
[2019-10-29 15:01:05,682] {logging_mixin.py:112} INFO - {'END_DATE': '2019-10-28',
 'conf': <airflow.configuration.AirflowConfigParser object at 0x1024bca58>,
 'dag': <DAG: first_python_op>,
 'dag_run': <DagRun first_python_op @ 2019-10-28 00:00:00+00:00: scheduled__2019-10-28T00:00:00+00:00, externally triggered: False>,
 'ds': '2019-10-28',
 'ds_nodash': '20191028',
 'end_date': '2019-10-28',
 'execution_date': <Pendulum [2019-10-28T00:00:00+00:00]>,
 'inlets': [],
 'latest_date': '2019-10-28',
 'macros': <module 'airflow.macros' from '/Users/hyuninsim/anaconda3/lib/python3.7/site-packages/airflow/macros/__init__.py'>,
 'next_ds': '2019-10-29',
 'next_ds_nodash': '20191029',
 'next_execution_date': <Pendulum [2019-10-29T00:00:00+00:00]>,
 'outlets': [],
 'params': {},
 'prev_ds': '2019-10-27',
 'prev_ds_nodash': '20191027',
 'prev_execution_date': <Pendulum [2019-10-27T00:00:00+00:00]>,
 'prev_execution_date_success': <Proxy at 0x112bbf048 with factory <function TaskInstance.get_template_context.<locals>.<lambda> at 0x112adad08>>,
 'prev_start_date_success': <Proxy at 0x112bbf088 with factory <function TaskInstance.get_template_context.<locals>.<lambda> at 0x112b04d90>>,
 'run_id': 'scheduled__2019-10-28T00:00:00+00:00',
 'tables': None,
 'task': <Task(PythonOperator): task_2>,
 'task_instance': <TaskInstance: first_python_op.task_2 2019-10-28T00:00:00+00:00 [running]>,
 'task_instance_key_str': 'first_python_op__task_2__20191028',
 'templates_dict': None,
 'test_mode': False,
 'ti': <TaskInstance: first_python_op.task_2 2019-10-28T00:00:00+00:00 [running]>,
 'tomorrow_ds': '2019-10-29',
 'tomorrow_ds_nodash': '20191029',
 'ts': '2019-10-28T00:00:00+00:00',
 'ts_nodash': '20191028T000000',
 'ts_nodash_with_tz': '20191028T000000+0000',
 'var': {'json': None, 'value': None},
 'yesterday_ds': '2019-10-27',
 'yesterday_ds_nodash': '20191027'}
[2019-10-29 15:01:05,682] {logging_mixin.py:112} INFO - ============================================================
[2019-10-29 15:01:05,683] {python_operator.py:114} INFO - Done. Returned value was: print complete!!!
[2019-10-29 15:01:08,771] {logging_mixin.py:112} INFO - [2019-10-29 15:01:08,771] {local_task_job.py:124} WARNING - Time since last heartbeat(0.01 s) < heartrate(5.0 s), sleeping for 4.994369 s
[2019-10-29 15:01:13,768] {logging_mixin.py:112} INFO - [2019-10-29 15:01:13,767] {local_task_job.py:103} INFO - Task exited with return code 0
