[2019-10-29 14:22:10,529] {taskinstance.py:630} INFO - Dependencies all met for <TaskInstance: first_airflow.print_date 2019-10-28T00:00:00+00:00 [queued]>
[2019-10-29 14:22:10,539] {taskinstance.py:630} INFO - Dependencies all met for <TaskInstance: first_airflow.print_date 2019-10-28T00:00:00+00:00 [queued]>
[2019-10-29 14:22:10,539] {taskinstance.py:841} INFO - 
--------------------------------------------------------------------------------
[2019-10-29 14:22:10,539] {taskinstance.py:842} INFO - Starting attempt 1 of 1
[2019-10-29 14:22:10,539] {taskinstance.py:843} INFO - 
--------------------------------------------------------------------------------
[2019-10-29 14:22:10,545] {taskinstance.py:862} INFO - Executing <Task(BashOperator): print_date> on 2019-10-28T00:00:00+00:00
[2019-10-29 14:22:10,545] {base_task_runner.py:133} INFO - Running: ['airflow', 'run', 'first_airflow', 'print_date', '2019-10-28T00:00:00+00:00', '--job_id', '2', '--pool', 'default_pool', '--raw', '-sd', 'DAGS_FOLDER/first_airflow.py', '--cfg_path', '/var/folders/kl/hgsvczsx34q1wqd4l94kdxsh0000gn/T/tmp3hiaaeuh']
[2019-10-29 14:22:12,182] {base_task_runner.py:115} INFO - Job 2: Subtask print_date [2019-10-29 14:22:12,181] {__init__.py:51} INFO - Using executor SequentialExecutor
[2019-10-29 14:22:12,183] {base_task_runner.py:115} INFO - Job 2: Subtask print_date [2019-10-29 14:22:12,182] {dagbag.py:92} INFO - Filling up the DagBag from /Users/hyuninsim/airflow/dags/first_airflow.py
[2019-10-29 14:22:12,199] {base_task_runner.py:115} INFO - Job 2: Subtask print_date [2019-10-29 14:22:12,199] {cli.py:545} INFO - Running <TaskInstance: first_airflow.print_date 2019-10-28T00:00:00+00:00 [running]> on host ip-70-12-224-51.kscymo.spcsdns.net
[2019-10-29 14:22:12,210] {bash_operator.py:81} INFO - Tmp dir root location: 
 /var/folders/kl/hgsvczsx34q1wqd4l94kdxsh0000gn/T
[2019-10-29 14:22:12,210] {bash_operator.py:91} INFO - Exporting the following env vars:
AIRFLOW_CTX_DAG_ID=first_airflow
AIRFLOW_CTX_TASK_ID=print_date
AIRFLOW_CTX_EXECUTION_DATE=2019-10-28T00:00:00+00:00
AIRFLOW_CTX_DAG_RUN_ID=scheduled__2019-10-28T00:00:00+00:00
[2019-10-29 14:22:12,211] {bash_operator.py:105} INFO - Temporary script location: /var/folders/kl/hgsvczsx34q1wqd4l94kdxsh0000gn/T/airflowtmpsnshd2cx/print_dateyiw4hoq9
[2019-10-29 14:22:12,211] {bash_operator.py:115} INFO - Running command: date
[2019-10-29 14:22:12,217] {bash_operator.py:124} INFO - Output:
[2019-10-29 14:22:12,224] {bash_operator.py:128} INFO - 2019년 10월 29일 화요일 14시 22분 12초 KST
[2019-10-29 14:22:12,225] {bash_operator.py:132} INFO - Command exited with return code 0
[2019-10-29 14:22:15,534] {logging_mixin.py:112} INFO - [2019-10-29 14:22:15,533] {local_task_job.py:124} WARNING - Time since last heartbeat(0.01 s) < heartrate(5.0 s), sleeping for 4.990826 s
[2019-10-29 14:22:20,534] {logging_mixin.py:112} INFO - [2019-10-29 14:22:20,533] {local_task_job.py:103} INFO - Task exited with return code 0
