[2019-10-31 16:33:25,327] {taskinstance.py:630} INFO - Dependencies all met for <TaskInstance: kims_flow.data_preprocessing_module 2019-10-31T06:13:03.489664+00:00 [queued]>
[2019-10-31 16:33:25,340] {taskinstance.py:630} INFO - Dependencies all met for <TaskInstance: kims_flow.data_preprocessing_module 2019-10-31T06:13:03.489664+00:00 [queued]>
[2019-10-31 16:33:25,341] {taskinstance.py:841} INFO - 
--------------------------------------------------------------------------------
[2019-10-31 16:33:25,341] {taskinstance.py:842} INFO - Starting attempt 1 of 1
[2019-10-31 16:33:25,341] {taskinstance.py:843} INFO - 
--------------------------------------------------------------------------------
[2019-10-31 16:33:25,348] {taskinstance.py:862} INFO - Executing <Task(PythonOperator): data_preprocessing_module> on 2019-10-31T06:13:03.489664+00:00
[2019-10-31 16:33:25,349] {base_task_runner.py:133} INFO - Running: ['airflow', 'run', 'kims_flow', 'data_preprocessing_module', '2019-10-31T06:13:03.489664+00:00', '--job_id', '43', '--pool', 'default_pool', '--raw', '-sd', 'DAGS_FOLDER/kim_flow.py', '--cfg_path', '/var/folders/kl/hgsvczsx34q1wqd4l94kdxsh0000gn/T/tmpdyxy1cd6']
[2019-10-31 16:33:26,845] {base_task_runner.py:115} INFO - Job 43: Subtask data_preprocessing_module [2019-10-31 16:33:26,844] {__init__.py:51} INFO - Using executor SequentialExecutor
[2019-10-31 16:33:26,845] {base_task_runner.py:115} INFO - Job 43: Subtask data_preprocessing_module [2019-10-31 16:33:26,845] {dagbag.py:92} INFO - Filling up the DagBag from /Users/hyuninsim/airflow/dags/kim_flow.py
[2019-10-31 16:33:28,827] {base_task_runner.py:115} INFO - Job 43: Subtask data_preprocessing_module [2019-10-31 16:33:28,826] {cli.py:545} INFO - Running <TaskInstance: kims_flow.data_preprocessing_module 2019-10-31T06:13:03.489664+00:00 [running]> on host ip-70-12-224-51.kscymo.spcsdns.net
[2019-10-31 16:33:28,836] {python_operator.py:105} INFO - Exporting the following env vars:
AIRFLOW_CTX_DAG_ID=kims_flow
AIRFLOW_CTX_TASK_ID=data_preprocessing_module
AIRFLOW_CTX_EXECUTION_DATE=2019-10-31T06:13:03.489664+00:00
AIRFLOW_CTX_DAG_RUN_ID=manual__2019-10-31T06:13:03.489664+00:00
[2019-10-31 16:33:28,836] {logging_mixin.py:112} INFO - data_preprocessing
[2019-10-31 16:33:28,836] {logging_mixin.py:112} INFO - WTFFFFF: /Users/hyuninsim/airflow
[2019-10-31 16:33:28,842] {logging_mixin.py:112} INFO - total Length:  28
[2019-10-31 16:33:28,988] {logging_mixin.py:112} INFO - WGGGGGGG: /Users/hyuninsim/airflow
[2019-10-31 16:33:29,982] {logging_mixin.py:112} INFO - ========================================================================================================================================================================================================
[2019-10-31 16:33:29,982] {logging_mixin.py:112} INFO - File_NAME: ./data/news_data/news_key_words_add_ngram.csv
[2019-10-31 16:33:29,988] {python_operator.py:114} INFO - Done. Returned value was:    type  ...                                              ngram
0  news  ...  최대/nng;규모/nng,규모/nng;스타트업/nng,스타트업/nng;지원/nng,...
1  news  ...  국세/nng;행정/nng,행정/nng;시스템/nng,시스템/nng;비교/nng,비교...

[2 rows x 10 columns]
[2019-10-31 16:33:30,321] {logging_mixin.py:112} INFO - [2019-10-31 16:33:30,320] {local_task_job.py:167} WARNING - State of this instance has been externally set to success. Taking the poison pill.
[2019-10-31 16:33:30,326] {helpers.py:308} INFO - Sending Signals.SIGTERM to GPID 908
[2019-10-31 16:33:30,342] {helpers.py:286} INFO - Process psutil.Process(pid=908, status='terminated') (908) terminated with exit code -15
[2019-10-31 16:33:30,350] {helpers.py:286} INFO - Process psutil.Process(pid=914, status='terminated') (914) terminated with exit code None
[2019-10-31 16:33:30,351] {logging_mixin.py:112} INFO - [2019-10-31 16:33:30,350] {local_task_job.py:124} WARNING - Time since last heartbeat(0.04 s) < heartrate(5.0 s), sleeping for 4.96267 s
[2019-10-31 16:33:35,315] {logging_mixin.py:112} INFO - [2019-10-31 16:33:35,315] {local_task_job.py:103} INFO - Task exited with return code 0
