[2019-10-29 17:16:43,979] {taskinstance.py:630} INFO - Dependencies all met for <TaskInstance: kims_flow.data_preprocessing_module 2019-10-29T08:16:24.624103+00:00 [queued]>
[2019-10-29 17:16:43,993] {taskinstance.py:630} INFO - Dependencies all met for <TaskInstance: kims_flow.data_preprocessing_module 2019-10-29T08:16:24.624103+00:00 [queued]>
[2019-10-29 17:16:43,993] {taskinstance.py:841} INFO - 
--------------------------------------------------------------------------------
[2019-10-29 17:16:43,993] {taskinstance.py:842} INFO - Starting attempt 1 of 1
[2019-10-29 17:16:43,993] {taskinstance.py:843} INFO - 
--------------------------------------------------------------------------------
[2019-10-29 17:16:44,003] {taskinstance.py:862} INFO - Executing <Task(PythonOperator): data_preprocessing_module> on 2019-10-29T08:16:24.624103+00:00
[2019-10-29 17:16:44,003] {base_task_runner.py:133} INFO - Running: ['airflow', 'run', 'kims_flow', 'data_preprocessing_module', '2019-10-29T08:16:24.624103+00:00', '--job_id', '14', '--pool', 'default_pool', '--raw', '-sd', 'DAGS_FOLDER/kim_flow.py', '--cfg_path', '/var/folders/kl/hgsvczsx34q1wqd4l94kdxsh0000gn/T/tmpv4v_3wta']
[2019-10-29 17:16:45,495] {base_task_runner.py:115} INFO - Job 14: Subtask data_preprocessing_module [2019-10-29 17:16:45,494] {__init__.py:51} INFO - Using executor SequentialExecutor
[2019-10-29 17:16:45,495] {base_task_runner.py:115} INFO - Job 14: Subtask data_preprocessing_module [2019-10-29 17:16:45,494] {dagbag.py:92} INFO - Filling up the DagBag from /Users/hyuninsim/airflow/dags/kim_flow.py
[2019-10-29 17:16:46,865] {base_task_runner.py:115} INFO - Job 14: Subtask data_preprocessing_module [2019-10-29 17:16:46,864] {cli.py:545} INFO - Running <TaskInstance: kims_flow.data_preprocessing_module 2019-10-29T08:16:24.624103+00:00 [running]> on host ip-70-12-224-51.kscymo.spcsdns.net
[2019-10-29 17:16:46,874] {python_operator.py:105} INFO - Exporting the following env vars:
AIRFLOW_CTX_DAG_ID=kims_flow
AIRFLOW_CTX_TASK_ID=data_preprocessing_module
AIRFLOW_CTX_EXECUTION_DATE=2019-10-29T08:16:24.624103+00:00
AIRFLOW_CTX_DAG_RUN_ID=manual__2019-10-29T08:16:24.624103+00:00
[2019-10-29 17:16:46,874] {logging_mixin.py:112} INFO - data_preprocessing
[2019-10-29 17:16:46,880] {logging_mixin.py:112} INFO - total Length:  27
[2019-10-29 17:16:46,895] {python_operator.py:114} INFO - Done. Returned value was:    type  ...                                                url
0  news  ...  http://www.joseilbo.com/news/news_read.php?uid...
1  news  ...  http://www.joseilbo.com/news/news_read.php?uid...

[2 rows x 6 columns]
[2019-10-29 17:16:48,976] {logging_mixin.py:112} INFO - [2019-10-29 17:16:48,976] {local_task_job.py:124} WARNING - Time since last heartbeat(0.01 s) < heartrate(5.0 s), sleeping for 4.992637 s
[2019-10-29 17:16:53,976] {logging_mixin.py:112} INFO - [2019-10-29 17:16:53,975] {local_task_job.py:103} INFO - Task exited with return code 0
