[2019-10-31 16:32:46,265] {taskinstance.py:630} INFO - Dependencies all met for <TaskInstance: kims_flow.news_collect_module 2019-10-31T06:13:03.489664+00:00 [queued]>
[2019-10-31 16:32:46,275] {taskinstance.py:630} INFO - Dependencies all met for <TaskInstance: kims_flow.news_collect_module 2019-10-31T06:13:03.489664+00:00 [queued]>
[2019-10-31 16:32:46,275] {taskinstance.py:841} INFO - 
--------------------------------------------------------------------------------
[2019-10-31 16:32:46,275] {taskinstance.py:842} INFO - Starting attempt 1 of 1
[2019-10-31 16:32:46,275] {taskinstance.py:843} INFO - 
--------------------------------------------------------------------------------
[2019-10-31 16:32:46,281] {taskinstance.py:862} INFO - Executing <Task(PythonOperator): news_collect_module> on 2019-10-31T06:13:03.489664+00:00
[2019-10-31 16:32:46,281] {base_task_runner.py:133} INFO - Running: ['airflow', 'run', 'kims_flow', 'news_collect_module', '2019-10-31T06:13:03.489664+00:00', '--job_id', '41', '--pool', 'default_pool', '--raw', '-sd', 'DAGS_FOLDER/kim_flow.py', '--cfg_path', '/var/folders/kl/hgsvczsx34q1wqd4l94kdxsh0000gn/T/tmpckla_eyz']
[2019-10-31 16:32:47,953] {base_task_runner.py:115} INFO - Job 41: Subtask news_collect_module [2019-10-31 16:32:47,952] {__init__.py:51} INFO - Using executor SequentialExecutor
[2019-10-31 16:32:47,953] {base_task_runner.py:115} INFO - Job 41: Subtask news_collect_module [2019-10-31 16:32:47,953] {dagbag.py:92} INFO - Filling up the DagBag from /Users/hyuninsim/airflow/dags/kim_flow.py
[2019-10-31 16:32:51,329] {logging_mixin.py:112} INFO - [2019-10-31 16:32:51,324] {local_task_job.py:124} WARNING - Time since last heartbeat(0.02 s) < heartrate(5.0 s), sleeping for 4.979014 s
[2019-10-31 16:32:53,869] {base_task_runner.py:115} INFO - Job 41: Subtask news_collect_module [2019-10-31 16:32:53,865] {cli.py:545} INFO - Running <TaskInstance: kims_flow.news_collect_module 2019-10-31T06:13:03.489664+00:00 [running]> on host ip-70-12-224-51.kscymo.spcsdns.net
[2019-10-31 16:32:53,888] {python_operator.py:105} INFO - Exporting the following env vars:
AIRFLOW_CTX_DAG_ID=kims_flow
AIRFLOW_CTX_TASK_ID=news_collect_module
AIRFLOW_CTX_EXECUTION_DATE=2019-10-31T06:13:03.489664+00:00
AIRFLOW_CTX_DAG_RUN_ID=manual__2019-10-31T06:13:03.489664+00:00
[2019-10-31 16:32:53,888] {logging_mixin.py:112} INFO - Collecting News..
[2019-10-31 16:32:53,888] {logging_mixin.py:112} INFO - current: /Users/hyuninsim/airflow
[2019-10-31 16:32:55,007] {python_operator.py:114} INFO - Done. Returned value was: None
[2019-10-31 16:32:56,349] {logging_mixin.py:112} INFO - [2019-10-31 16:32:56,312] {local_task_job.py:103} INFO - Task exited with return code 0
