[2019-10-29 14:23:03,899] {taskinstance.py:630} INFO - Dependencies all met for <TaskInstance: first_airflow.sleep 2019-10-28T00:00:00+00:00 [queued]>
[2019-10-29 14:23:03,917] {taskinstance.py:630} INFO - Dependencies all met for <TaskInstance: first_airflow.sleep 2019-10-28T00:00:00+00:00 [queued]>
[2019-10-29 14:23:03,917] {taskinstance.py:841} INFO - 
--------------------------------------------------------------------------------
[2019-10-29 14:23:03,917] {taskinstance.py:842} INFO - Starting attempt 1 of 1
[2019-10-29 14:23:03,917] {taskinstance.py:843} INFO - 
--------------------------------------------------------------------------------
[2019-10-29 14:23:03,976] {taskinstance.py:862} INFO - Executing <Task(BashOperator): sleep> on 2019-10-28T00:00:00+00:00
[2019-10-29 14:23:03,976] {base_task_runner.py:133} INFO - Running: ['airflow', 'run', 'first_airflow', 'sleep', '2019-10-28T00:00:00+00:00', '--job_id', '3', '--pool', 'default_pool', '--raw', '-sd', 'DAGS_FOLDER/first_airflow.py', '--cfg_path', '/var/folders/kl/hgsvczsx34q1wqd4l94kdxsh0000gn/T/tmpjd7c4obl']
[2019-10-29 14:23:05,557] {base_task_runner.py:115} INFO - Job 3: Subtask sleep [2019-10-29 14:23:05,557] {__init__.py:51} INFO - Using executor SequentialExecutor
[2019-10-29 14:23:05,558] {base_task_runner.py:115} INFO - Job 3: Subtask sleep [2019-10-29 14:23:05,557] {dagbag.py:92} INFO - Filling up the DagBag from /Users/hyuninsim/airflow/dags/first_airflow.py
[2019-10-29 14:23:05,575] {base_task_runner.py:115} INFO - Job 3: Subtask sleep [2019-10-29 14:23:05,574] {cli.py:545} INFO - Running <TaskInstance: first_airflow.sleep 2019-10-28T00:00:00+00:00 [running]> on host ip-70-12-224-51.kscymo.spcsdns.net
[2019-10-29 14:23:05,585] {bash_operator.py:81} INFO - Tmp dir root location: 
 /var/folders/kl/hgsvczsx34q1wqd4l94kdxsh0000gn/T
[2019-10-29 14:23:05,585] {bash_operator.py:91} INFO - Exporting the following env vars:
AIRFLOW_CTX_DAG_ID=first_airflow
AIRFLOW_CTX_TASK_ID=sleep
AIRFLOW_CTX_EXECUTION_DATE=2019-10-28T00:00:00+00:00
AIRFLOW_CTX_DAG_RUN_ID=scheduled__2019-10-28T00:00:00+00:00
[2019-10-29 14:23:05,586] {bash_operator.py:105} INFO - Temporary script location: /var/folders/kl/hgsvczsx34q1wqd4l94kdxsh0000gn/T/airflowtmps7t4yuyv/sleepzgnzor4d
[2019-10-29 14:23:05,586] {bash_operator.py:115} INFO - Running command: sleep 3
[2019-10-29 14:23:05,593] {bash_operator.py:124} INFO - Output:
[2019-10-29 14:23:08,613] {bash_operator.py:132} INFO - Command exited with return code 0
[2019-10-29 14:23:08,892] {logging_mixin.py:112} INFO - [2019-10-29 14:23:08,892] {local_task_job.py:124} WARNING - Time since last heartbeat(0.00 s) < heartrate(5.0 s), sleeping for 4.995013 s
[2019-10-29 14:23:13,889] {logging_mixin.py:112} INFO - [2019-10-29 14:23:13,889] {local_task_job.py:103} INFO - Task exited with return code 0
