[2019-10-29 17:16:50,499] {taskinstance.py:630} INFO - Dependencies all met for <TaskInstance: kims_flow.task_2 2019-10-29T08:16:24.624103+00:00 [queued]>
[2019-10-29 17:16:50,513] {taskinstance.py:630} INFO - Dependencies all met for <TaskInstance: kims_flow.task_2 2019-10-29T08:16:24.624103+00:00 [queued]>
[2019-10-29 17:16:50,513] {taskinstance.py:841} INFO - 
--------------------------------------------------------------------------------
[2019-10-29 17:16:50,514] {taskinstance.py:842} INFO - Starting attempt 1 of 1
[2019-10-29 17:16:50,514] {taskinstance.py:843} INFO - 
--------------------------------------------------------------------------------
[2019-10-29 17:16:50,522] {taskinstance.py:862} INFO - Executing <Task(PythonOperator): task_2> on 2019-10-29T08:16:24.624103+00:00
[2019-10-29 17:16:50,522] {base_task_runner.py:133} INFO - Running: ['airflow', 'run', 'kims_flow', 'task_2', '2019-10-29T08:16:24.624103+00:00', '--job_id', '16', '--pool', 'default_pool', '--raw', '-sd', 'DAGS_FOLDER/kim_flow.py', '--cfg_path', '/var/folders/kl/hgsvczsx34q1wqd4l94kdxsh0000gn/T/tmp7dsn9bra']
[2019-10-29 17:16:51,974] {base_task_runner.py:115} INFO - Job 16: Subtask task_2 [2019-10-29 17:16:51,974] {__init__.py:51} INFO - Using executor SequentialExecutor
[2019-10-29 17:16:51,975] {base_task_runner.py:115} INFO - Job 16: Subtask task_2 [2019-10-29 17:16:51,974] {dagbag.py:92} INFO - Filling up the DagBag from /Users/hyuninsim/airflow/dags/kim_flow.py
[2019-10-29 17:16:53,143] {base_task_runner.py:115} INFO - Job 16: Subtask task_2 [2019-10-29 17:16:53,143] {cli.py:545} INFO - Running <TaskInstance: kims_flow.task_2 2019-10-29T08:16:24.624103+00:00 [running]> on host ip-70-12-224-51.kscymo.spcsdns.net
[2019-10-29 17:16:53,154] {python_operator.py:105} INFO - Exporting the following env vars:
AIRFLOW_CTX_DAG_ID=kims_flow
AIRFLOW_CTX_TASK_ID=task_2
AIRFLOW_CTX_EXECUTION_DATE=2019-10-29T08:16:24.624103+00:00
AIRFLOW_CTX_DAG_RUN_ID=manual__2019-10-29T08:16:24.624103+00:00
[2019-10-29 17:16:53,154] {logging_mixin.py:112} INFO - ============================================================
[2019-10-29 17:16:53,154] {logging_mixin.py:112} INFO - fruit_name: banana
[2019-10-29 17:16:53,154] {logging_mixin.py:112} INFO - ============================================================
[2019-10-29 17:16:53,163] {logging_mixin.py:112} INFO - {'END_DATE': '2019-10-29',
 'conf': <airflow.configuration.AirflowConfigParser object at 0x101c9ae10>,
 'dag': <DAG: kims_flow>,
 'dag_run': <DagRun kims_flow @ 2019-10-29 08:16:24.624103+00:00: manual__2019-10-29T08:16:24.624103+00:00, externally triggered: True>,
 'ds': '2019-10-29',
 'ds_nodash': '20191029',
 'end_date': '2019-10-29',
 'execution_date': <Pendulum [2019-10-29T08:16:24.624103+00:00]>,
 'inlets': [],
 'latest_date': '2019-10-29',
 'macros': <module 'airflow.macros' from '/Users/hyuninsim/anaconda3/lib/python3.7/site-packages/airflow/macros/__init__.py'>,
 'next_ds': '2019-10-29',
 'next_ds_nodash': '20191029',
 'next_execution_date': <Pendulum [2019-10-29T08:16:24.624103+00:00]>,
 'outlets': [],
 'params': {},
 'prev_ds': '2019-10-29',
 'prev_ds_nodash': '20191029',
 'prev_execution_date': <Pendulum [2019-10-29T08:16:24.624103+00:00]>,
 'prev_execution_date_success': <Proxy at 0x1a18f48788 with factory <function TaskInstance.get_template_context.<locals>.<lambda> at 0x1a18ef7bf8>>,
 'prev_start_date_success': <Proxy at 0x1a18f487c8 with factory <function TaskInstance.get_template_context.<locals>.<lambda> at 0x1a18f38d08>>,
 'run_id': 'manual__2019-10-29T08:16:24.624103+00:00',
 'tables': None,
 'task': <Task(PythonOperator): task_2>,
 'task_instance': <TaskInstance: kims_flow.task_2 2019-10-29T08:16:24.624103+00:00 [running]>,
 'task_instance_key_str': 'kims_flow__task_2__20191029',
 'templates_dict': None,
 'test_mode': False,
 'ti': <TaskInstance: kims_flow.task_2 2019-10-29T08:16:24.624103+00:00 [running]>,
 'tomorrow_ds': '2019-10-30',
 'tomorrow_ds_nodash': '20191030',
 'ts': '2019-10-29T08:16:24.624103+00:00',
 'ts_nodash': '20191029T081624',
 'ts_nodash_with_tz': '20191029T081624.624103+0000',
 'var': {'json': None, 'value': None},
 'yesterday_ds': '2019-10-28',
 'yesterday_ds_nodash': '20191028'}
[2019-10-29 17:16:53,163] {logging_mixin.py:112} INFO - ============================================================
[2019-10-29 17:16:53,163] {python_operator.py:114} INFO - Done. Returned value was: print complete!!!
[2019-10-29 17:16:55,492] {logging_mixin.py:112} INFO - [2019-10-29 17:16:55,492] {local_task_job.py:124} WARNING - Time since last heartbeat(0.01 s) < heartrate(5.0 s), sleeping for 4.994196 s
[2019-10-29 17:17:00,492] {logging_mixin.py:112} INFO - [2019-10-29 17:17:00,492] {local_task_job.py:103} INFO - Task exited with return code 0
