[2019-10-30 15:00:44,980] {taskinstance.py:630} INFO - Dependencies all met for <TaskInstance: kims_flow.data_preprocessing_module 2019-10-29T00:00:00+00:00 [queued]>
[2019-10-30 15:00:45,029] {taskinstance.py:630} INFO - Dependencies all met for <TaskInstance: kims_flow.data_preprocessing_module 2019-10-29T00:00:00+00:00 [queued]>
[2019-10-30 15:00:45,029] {taskinstance.py:841} INFO - 
--------------------------------------------------------------------------------
[2019-10-30 15:00:45,029] {taskinstance.py:842} INFO - Starting attempt 1 of 1
[2019-10-30 15:00:45,029] {taskinstance.py:843} INFO - 
--------------------------------------------------------------------------------
[2019-10-30 15:00:45,069] {taskinstance.py:862} INFO - Executing <Task(PythonOperator): data_preprocessing_module> on 2019-10-29T00:00:00+00:00
[2019-10-30 15:00:45,069] {base_task_runner.py:133} INFO - Running: ['airflow', 'run', 'kims_flow', 'data_preprocessing_module', '2019-10-29T00:00:00+00:00', '--job_id', '34', '--pool', 'default_pool', '--raw', '-sd', 'DAGS_FOLDER/kim_flow.py', '--cfg_path', '/var/folders/kl/hgsvczsx34q1wqd4l94kdxsh0000gn/T/tmp4i0_kd4g']
[2019-10-30 15:00:49,964] {logging_mixin.py:112} INFO - [2019-10-30 15:00:49,964] {local_task_job.py:124} WARNING - Time since last heartbeat(0.01 s) < heartrate(5.0 s), sleeping for 4.993178 s
[2019-10-30 15:00:50,231] {base_task_runner.py:115} INFO - Job 34: Subtask data_preprocessing_module [2019-10-30 15:00:50,231] {__init__.py:51} INFO - Using executor SequentialExecutor
[2019-10-30 15:00:50,232] {base_task_runner.py:115} INFO - Job 34: Subtask data_preprocessing_module [2019-10-30 15:00:50,231] {dagbag.py:92} INFO - Filling up the DagBag from /Users/hyuninsim/airflow/dags/kim_flow.py
[2019-10-30 15:00:54,976] {logging_mixin.py:112} INFO - [2019-10-30 15:00:54,975] {local_task_job.py:124} WARNING - Time since last heartbeat(0.01 s) < heartrate(5.0 s), sleeping for 4.993271 s
[2019-10-30 15:00:55,417] {base_task_runner.py:115} INFO - Job 34: Subtask data_preprocessing_module [2019-10-30 15:00:55,416] {cli.py:545} INFO - Running <TaskInstance: kims_flow.data_preprocessing_module 2019-10-29T00:00:00+00:00 [running]> on host ip-70-12-224-51.kscymo.spcsdns.net
[2019-10-30 15:00:55,431] {python_operator.py:105} INFO - Exporting the following env vars:
AIRFLOW_CTX_DAG_ID=kims_flow
AIRFLOW_CTX_TASK_ID=data_preprocessing_module
AIRFLOW_CTX_EXECUTION_DATE=2019-10-29T00:00:00+00:00
AIRFLOW_CTX_DAG_RUN_ID=scheduled__2019-10-29T00:00:00+00:00
[2019-10-30 15:00:55,431] {logging_mixin.py:112} INFO - data_preprocessing
[2019-10-30 15:00:55,456] {logging_mixin.py:112} INFO - total Length:  28
[2019-10-30 15:00:59,984] {logging_mixin.py:112} INFO - [2019-10-30 15:00:59,983] {local_task_job.py:124} WARNING - Time since last heartbeat(0.01 s) < heartrate(5.0 s), sleeping for 4.994538 s
[2019-10-30 15:01:00,473] {logging_mixin.py:112} INFO - ========================================================================================================================================================================================================
[2019-10-30 15:01:00,473] {logging_mixin.py:112} INFO - File_NAME: ../../data/news_data/news_key_words_add_ngram.csv
[2019-10-30 15:01:00,496] {python_operator.py:114} INFO - Done. Returned value was:    type  ...                                              ngram
0  news  ...  최대/nng;규모/nng,규모/nng;스타트업/nng,스타트업/nng;지원/nng,...
1  news  ...  국세/nng;행정/nng,행정/nng;시스템/nng,시스템/nng;비교/nng,비교...

[2 rows x 10 columns]
[2019-10-30 15:01:04,980] {logging_mixin.py:112} INFO - [2019-10-30 15:01:04,980] {local_task_job.py:103} INFO - Task exited with return code 0
[2019-10-30 15:10:47,577] {taskinstance.py:630} INFO - Dependencies all met for <TaskInstance: kims_flow.data_preprocessing_module 2019-10-29T00:00:00+00:00 [queued]>
[2019-10-30 15:10:47,649] {taskinstance.py:630} INFO - Dependencies all met for <TaskInstance: kims_flow.data_preprocessing_module 2019-10-29T00:00:00+00:00 [queued]>
[2019-10-30 15:10:47,649] {taskinstance.py:841} INFO - 
--------------------------------------------------------------------------------
[2019-10-30 15:10:47,650] {taskinstance.py:842} INFO - Starting attempt 1 of 1
[2019-10-30 15:10:47,650] {taskinstance.py:843} INFO - 
--------------------------------------------------------------------------------
[2019-10-30 15:10:47,662] {taskinstance.py:862} INFO - Executing <Task(PythonOperator): data_preprocessing_module> on 2019-10-29T00:00:00+00:00
[2019-10-30 15:10:47,662] {base_task_runner.py:133} INFO - Running: ['airflow', 'run', 'kims_flow', 'data_preprocessing_module', '2019-10-29T00:00:00+00:00', '--job_id', '35', '--pool', 'default_pool', '--raw', '-sd', 'DAGS_FOLDER/kim_flow.py', '--cfg_path', '/var/folders/kl/hgsvczsx34q1wqd4l94kdxsh0000gn/T/tmp125yrh4_']
[2019-10-30 15:10:52,561] {logging_mixin.py:112} INFO - [2019-10-30 15:10:52,561] {local_task_job.py:124} WARNING - Time since last heartbeat(0.01 s) < heartrate(5.0 s), sleeping for 4.992738 s
[2019-10-30 15:10:54,793] {base_task_runner.py:115} INFO - Job 35: Subtask data_preprocessing_module [2019-10-30 15:10:54,793] {__init__.py:51} INFO - Using executor SequentialExecutor
[2019-10-30 15:10:54,794] {base_task_runner.py:115} INFO - Job 35: Subtask data_preprocessing_module [2019-10-30 15:10:54,794] {dagbag.py:92} INFO - Filling up the DagBag from /Users/hyuninsim/airflow/dags/kim_flow.py
[2019-10-30 15:10:57,572] {logging_mixin.py:112} INFO - [2019-10-30 15:10:57,572] {local_task_job.py:124} WARNING - Time since last heartbeat(0.01 s) < heartrate(5.0 s), sleeping for 4.993546 s
[2019-10-30 15:11:00,702] {base_task_runner.py:115} INFO - Job 35: Subtask data_preprocessing_module [2019-10-30 15:11:00,702] {cli.py:545} INFO - Running <TaskInstance: kims_flow.data_preprocessing_module 2019-10-29T00:00:00+00:00 [running]> on host ip-70-12-224-51.kscymo.spcsdns.net
[2019-10-30 15:11:00,731] {python_operator.py:105} INFO - Exporting the following env vars:
AIRFLOW_CTX_DAG_ID=kims_flow
AIRFLOW_CTX_TASK_ID=data_preprocessing_module
AIRFLOW_CTX_EXECUTION_DATE=2019-10-29T00:00:00+00:00
AIRFLOW_CTX_DAG_RUN_ID=scheduled__2019-10-29T00:00:00+00:00
[2019-10-30 15:11:00,732] {logging_mixin.py:112} INFO - data_preprocessing
[2019-10-30 15:11:00,741] {logging_mixin.py:112} INFO - total Length:  28
[2019-10-30 15:11:01,356] {taskinstance.py:1058} ERROR - [Errno 2] No such file or directory: './stop_wd.txt'
Traceback (most recent call last):
  File "/Users/hyuninsim/anaconda3/lib/python3.7/site-packages/airflow/models/taskinstance.py", line 930, in _run_raw_task
    result = task_copy.execute(context=context)
  File "/Users/hyuninsim/anaconda3/lib/python3.7/site-packages/airflow/operators/python_operator.py", line 113, in execute
    return_value = self.execute_callable()
  File "/Users/hyuninsim/anaconda3/lib/python3.7/site-packages/airflow/operators/python_operator.py", line 118, in execute_callable
    return self.python_callable(*self.op_args, **self.op_kwargs)
  File "/Users/hyuninsim/airflow/dags/kim_flow.py", line 37, in data_preprocessing_module
    news = NEWS.tokens_ngram("/Users/hyuninsim/airflow/data/news_data/news_key_words_add_ngram.csv")
  File "/Users/hyuninsim/airflow/dags/KimsModule/News_data_preprocessing.py", line 95, in tokens_ngram
    stop_word = self.getStopwords()
  File "/Users/hyuninsim/airflow/dags/KimsModule/News_data_preprocessing.py", line 17, in getStopwords
    f = open("./stop_wd.txt", "r")
FileNotFoundError: [Errno 2] No such file or directory: './stop_wd.txt'
[2019-10-30 15:11:01,400] {taskinstance.py:1089} INFO - Marking task as FAILED.
[2019-10-30 15:11:01,416] {base_task_runner.py:115} INFO - Job 35: Subtask data_preprocessing_module Traceback (most recent call last):
[2019-10-30 15:11:01,416] {base_task_runner.py:115} INFO - Job 35: Subtask data_preprocessing_module   File "/Users/hyuninsim/anaconda3/bin/airflow", line 37, in <module>
[2019-10-30 15:11:01,416] {base_task_runner.py:115} INFO - Job 35: Subtask data_preprocessing_module     args.func(args)
[2019-10-30 15:11:01,416] {base_task_runner.py:115} INFO - Job 35: Subtask data_preprocessing_module   File "/Users/hyuninsim/anaconda3/lib/python3.7/site-packages/airflow/utils/cli.py", line 74, in wrapper
[2019-10-30 15:11:01,416] {base_task_runner.py:115} INFO - Job 35: Subtask data_preprocessing_module     return f(*args, **kwargs)
[2019-10-30 15:11:01,416] {base_task_runner.py:115} INFO - Job 35: Subtask data_preprocessing_module   File "/Users/hyuninsim/anaconda3/lib/python3.7/site-packages/airflow/bin/cli.py", line 551, in run
[2019-10-30 15:11:01,417] {base_task_runner.py:115} INFO - Job 35: Subtask data_preprocessing_module     _run(args, dag, ti)
[2019-10-30 15:11:01,417] {base_task_runner.py:115} INFO - Job 35: Subtask data_preprocessing_module   File "/Users/hyuninsim/anaconda3/lib/python3.7/site-packages/airflow/bin/cli.py", line 469, in _run
[2019-10-30 15:11:01,417] {base_task_runner.py:115} INFO - Job 35: Subtask data_preprocessing_module     pool=args.pool,
[2019-10-30 15:11:01,417] {base_task_runner.py:115} INFO - Job 35: Subtask data_preprocessing_module   File "/Users/hyuninsim/anaconda3/lib/python3.7/site-packages/airflow/utils/db.py", line 74, in wrapper
[2019-10-30 15:11:01,417] {base_task_runner.py:115} INFO - Job 35: Subtask data_preprocessing_module     return func(*args, **kwargs)
[2019-10-30 15:11:01,417] {base_task_runner.py:115} INFO - Job 35: Subtask data_preprocessing_module   File "/Users/hyuninsim/anaconda3/lib/python3.7/site-packages/airflow/models/taskinstance.py", line 930, in _run_raw_task
[2019-10-30 15:11:01,417] {base_task_runner.py:115} INFO - Job 35: Subtask data_preprocessing_module     result = task_copy.execute(context=context)
[2019-10-30 15:11:01,417] {base_task_runner.py:115} INFO - Job 35: Subtask data_preprocessing_module   File "/Users/hyuninsim/anaconda3/lib/python3.7/site-packages/airflow/operators/python_operator.py", line 113, in execute
[2019-10-30 15:11:01,417] {base_task_runner.py:115} INFO - Job 35: Subtask data_preprocessing_module     return_value = self.execute_callable()
[2019-10-30 15:11:01,417] {base_task_runner.py:115} INFO - Job 35: Subtask data_preprocessing_module   File "/Users/hyuninsim/anaconda3/lib/python3.7/site-packages/airflow/operators/python_operator.py", line 118, in execute_callable
[2019-10-30 15:11:01,417] {base_task_runner.py:115} INFO - Job 35: Subtask data_preprocessing_module     return self.python_callable(*self.op_args, **self.op_kwargs)
[2019-10-30 15:11:01,417] {base_task_runner.py:115} INFO - Job 35: Subtask data_preprocessing_module   File "/Users/hyuninsim/airflow/dags/kim_flow.py", line 37, in data_preprocessing_module
[2019-10-30 15:11:01,417] {base_task_runner.py:115} INFO - Job 35: Subtask data_preprocessing_module     news = NEWS.tokens_ngram("/Users/hyuninsim/airflow/data/news_data/news_key_words_add_ngram.csv")
[2019-10-30 15:11:01,417] {base_task_runner.py:115} INFO - Job 35: Subtask data_preprocessing_module   File "/Users/hyuninsim/airflow/dags/KimsModule/News_data_preprocessing.py", line 95, in tokens_ngram
[2019-10-30 15:11:01,417] {base_task_runner.py:115} INFO - Job 35: Subtask data_preprocessing_module     stop_word = self.getStopwords()
[2019-10-30 15:11:01,417] {base_task_runner.py:115} INFO - Job 35: Subtask data_preprocessing_module   File "/Users/hyuninsim/airflow/dags/KimsModule/News_data_preprocessing.py", line 17, in getStopwords
[2019-10-30 15:11:01,417] {base_task_runner.py:115} INFO - Job 35: Subtask data_preprocessing_module     f = open("./stop_wd.txt", "r")
[2019-10-30 15:11:01,418] {base_task_runner.py:115} INFO - Job 35: Subtask data_preprocessing_module FileNotFoundError: [Errno 2] No such file or directory: './stop_wd.txt'
[2019-10-30 15:11:02,580] {logging_mixin.py:112} INFO - [2019-10-30 15:11:02,579] {local_task_job.py:167} WARNING - State of this instance has been externally set to failed. Taking the poison pill.
[2019-10-30 15:11:02,587] {helpers.py:308} INFO - Sending Signals.SIGTERM to GPID 8427
[2019-10-30 15:11:02,620] {helpers.py:286} INFO - Process psutil.Process(pid=8427, status='terminated') (8427) terminated with exit code -15
[2019-10-30 15:11:02,621] {helpers.py:286} INFO - Process psutil.Process(pid=8473, status='terminated') (8473) terminated with exit code None
[2019-10-30 15:11:02,622] {logging_mixin.py:112} INFO - [2019-10-30 15:11:02,621] {local_task_job.py:124} WARNING - Time since last heartbeat(0.05 s) < heartrate(5.0 s), sleeping for 4.952502 s
[2019-10-30 15:11:07,575] {logging_mixin.py:112} INFO - [2019-10-30 15:11:07,575] {local_task_job.py:103} INFO - Task exited with return code 0
[2019-10-30 15:18:05,115] {taskinstance.py:630} INFO - Dependencies all met for <TaskInstance: kims_flow.data_preprocessing_module 2019-10-29T00:00:00+00:00 [queued]>
[2019-10-30 15:18:05,154] {taskinstance.py:630} INFO - Dependencies all met for <TaskInstance: kims_flow.data_preprocessing_module 2019-10-29T00:00:00+00:00 [queued]>
[2019-10-30 15:18:05,154] {taskinstance.py:841} INFO - 
--------------------------------------------------------------------------------
[2019-10-30 15:18:05,154] {taskinstance.py:842} INFO - Starting attempt 1 of 1
[2019-10-30 15:18:05,154] {taskinstance.py:843} INFO - 
--------------------------------------------------------------------------------
[2019-10-30 15:18:05,197] {taskinstance.py:862} INFO - Executing <Task(PythonOperator): data_preprocessing_module> on 2019-10-29T00:00:00+00:00
[2019-10-30 15:18:05,198] {base_task_runner.py:133} INFO - Running: ['airflow', 'run', 'kims_flow', 'data_preprocessing_module', '2019-10-29T00:00:00+00:00', '--job_id', '36', '--pool', 'default_pool', '--raw', '-sd', 'DAGS_FOLDER/kim_flow.py', '--cfg_path', '/var/folders/kl/hgsvczsx34q1wqd4l94kdxsh0000gn/T/tmp6w3b_hd0']
[2019-10-30 15:18:10,063] {logging_mixin.py:112} INFO - [2019-10-30 15:18:10,062] {local_task_job.py:124} WARNING - Time since last heartbeat(0.01 s) < heartrate(5.0 s), sleeping for 4.993286 s
[2019-10-30 15:18:11,354] {base_task_runner.py:115} INFO - Job 36: Subtask data_preprocessing_module [2019-10-30 15:18:11,353] {__init__.py:51} INFO - Using executor SequentialExecutor
[2019-10-30 15:18:11,354] {base_task_runner.py:115} INFO - Job 36: Subtask data_preprocessing_module [2019-10-30 15:18:11,354] {dagbag.py:92} INFO - Filling up the DagBag from /Users/hyuninsim/airflow/dags/kim_flow.py
[2019-10-30 15:18:15,074] {logging_mixin.py:112} INFO - [2019-10-30 15:18:15,074] {local_task_job.py:124} WARNING - Time since last heartbeat(0.01 s) < heartrate(5.0 s), sleeping for 4.993622 s
[2019-10-30 15:18:17,361] {base_task_runner.py:115} INFO - Job 36: Subtask data_preprocessing_module [2019-10-30 15:18:17,360] {cli.py:545} INFO - Running <TaskInstance: kims_flow.data_preprocessing_module 2019-10-29T00:00:00+00:00 [running]> on host ip-70-12-224-51.kscymo.spcsdns.net
[2019-10-30 15:18:17,378] {python_operator.py:105} INFO - Exporting the following env vars:
AIRFLOW_CTX_DAG_ID=kims_flow
AIRFLOW_CTX_TASK_ID=data_preprocessing_module
AIRFLOW_CTX_EXECUTION_DATE=2019-10-29T00:00:00+00:00
AIRFLOW_CTX_DAG_RUN_ID=scheduled__2019-10-29T00:00:00+00:00
[2019-10-30 15:18:17,424] {logging_mixin.py:112} INFO - data_preprocessing
[2019-10-30 15:18:17,433] {logging_mixin.py:112} INFO - total Length:  28
[2019-10-30 15:18:20,083] {logging_mixin.py:112} INFO - [2019-10-30 15:18:20,082] {local_task_job.py:124} WARNING - Time since last heartbeat(0.01 s) < heartrate(5.0 s), sleeping for 4.993909 s
[2019-10-30 15:18:23,387] {logging_mixin.py:112} INFO - ========================================================================================================================================================================================================
[2019-10-30 15:18:23,387] {logging_mixin.py:112} INFO - File_NAME: /Users/hyuninsim/airflow/data/news_data/news_key_words_add_ngram.csv
[2019-10-30 15:18:23,404] {python_operator.py:114} INFO - Done. Returned value was:    type  ...                                              ngram
0  news  ...  최대/nng;규모/nng,규모/nng;스타트업/nng,스타트업/nng;지원/nng,...
1  news  ...  국세/nng;행정/nng,행정/nng;시스템/nng,시스템/nng;비교/nng,비교...

[2 rows x 10 columns]
[2019-10-30 15:18:25,083] {logging_mixin.py:112} INFO - [2019-10-30 15:18:25,082] {local_task_job.py:103} INFO - Task exited with return code 0
